2025-04-21 10:41:44.209 [main] DEBUG amal2004.base.TestBase - Config file Loaded!!!
2025-04-21 10:41:44.237 [main] DEBUG amal2004.base.TestBase - OR file Loaded!!!
2025-04-21 10:43:05.852 [main] DEBUG amal2004.base.TestBase - Config file Loaded!!!
2025-04-21 10:43:05.858 [main] DEBUG amal2004.base.TestBase - OR file Loaded!!!
2025-04-21 10:45:13.445 [main] DEBUG amal2004.base.TestBase - Config file Loaded!!!
2025-04-21 10:45:13.453 [main] DEBUG amal2004.base.TestBase - OR file Loaded!!!
2025-04-21 10:46:48.656 [main] DEBUG amal2004.base.TestBase - Config file Loaded!!!
2025-04-21 10:46:48.663 [main] DEBUG amal2004.base.TestBase - OR file Loaded!!!
2025-04-21 10:46:51.888 [main] DEBUG amal2004.base.TestBase - Chrome Launched!!!
2025-04-21 10:46:54.095 [main] DEBUG amal2004.base.TestBase - Navigated to :http://www.way2automation.com/angularjs-protractor/banking/#/login
2025-04-21 10:46:57.248 [main] DEBUG amal2004.base.TestBase - Inside Login Test
2025-04-21 10:46:59.438 [main] DEBUG amal2004.base.TestBase - Login executed!!!
2025-04-21 10:47:17.806 [main] DEBUG amal2004.base.TestBase - Test execution completed!!!
2025-04-21 10:50:06.478 [main] DEBUG amal2004.base.TestBase - Config file Loaded!!!
2025-04-21 10:50:06.493 [main] DEBUG amal2004.base.TestBase - OR file Loaded!!!
2025-04-21 10:50:11.886 [main] DEBUG amal2004.base.TestBase - Chrome Launched!!!
2025-04-21 10:50:13.773 [main] DEBUG amal2004.base.TestBase - Navigated to :http://www.way2automation.com/angularjs-protractor/banking/#/login
2025-04-21 10:50:17.175 [main] DEBUG amal2004.base.TestBase - Inside Login Test
2025-04-21 10:50:19.636 [main] DEBUG amal2004.base.TestBase - Login executed!!!
2025-04-21 10:50:46.487 [main] DEBUG amal2004.base.TestBase - Test execution completed!!!
2025-04-21 11:01:29.671 [main] DEBUG amal2004.base.TestBase - Config file Loaded!!!
2025-04-21 11:01:29.680 [main] DEBUG amal2004.base.TestBase - OR file Loaded!!!
2025-04-21 11:01:32.062 [main] DEBUG amal2004.base.TestBase - Chrome Launched!!!
2025-04-21 11:01:33.518 [main] DEBUG amal2004.base.TestBase - Navigated to :http://www.way2automation.com/angularjs-protractor/banking/#/login
2025-04-21 11:02:22.218 [main] DEBUG amal2004.base.TestBase - Test execution completed!!!
2025-04-21 11:02:42.057 [main] DEBUG amal2004.base.TestBase - Config file Loaded!!!
2025-04-21 11:02:42.064 [main] DEBUG amal2004.base.TestBase - OR file Loaded!!!
2025-04-21 11:02:44.652 [main] DEBUG amal2004.base.TestBase - Chrome Launched!!!
2025-04-21 11:02:46.299 [main] DEBUG amal2004.base.TestBase - Navigated to :http://www.way2automation.com/angularjs-protractor/banking/#/login
2025-04-21 11:02:49.558 [main] DEBUG amal2004.base.TestBase - Inside Login Test
2025-04-21 11:02:51.673 [main] DEBUG amal2004.base.TestBase - Login executed!!!
2025-04-21 11:03:10.673 [main] DEBUG amal2004.base.TestBase - Test execution completed!!!
2025-04-21 11:21:39.668 [main] DEBUG amal2004.base.TestBase - Config file Loaded!!!
2025-04-21 11:21:39.675 [main] DEBUG amal2004.base.TestBase - OR file Loaded!!!
2025-04-21 11:21:41.850 [main] DEBUG amal2004.base.TestBase - Chrome Launched!!!
2025-04-21 11:21:43.403 [main] DEBUG amal2004.base.TestBase - Navigated to :http://www.way2automation.com/angularjs-protractor/banking/#/login
2025-04-21 11:21:46.605 [main] DEBUG amal2004.base.TestBase - Inside Login Test
2025-04-21 11:21:48.750 [main] DEBUG amal2004.base.TestBase - Login executed!!!
2025-04-21 11:22:07.063 [main] DEBUG amal2004.base.TestBase - Test execution completed!!!
2025-04-21 12:32:51.455 [main] DEBUG amal2004.base.TestBase - Config file Loaded!!!
2025-04-21 12:32:51.466 [main] DEBUG amal2004.base.TestBase - OR file Loaded!!!
2025-04-21 12:32:54.936 [main] DEBUG amal2004.base.TestBase - Chrome Launched!!!
2025-04-21 12:32:55.849 [main] DEBUG amal2004.base.TestBase - Navigated to :http://www.way2automation.com/angularjs-protractor/banking/#/login
2025-04-21 12:32:59.950 [main] DEBUG amal2004.base.TestBase - Inside Login Test
2025-04-21 12:38:33.015 [main] DEBUG amal2004.base.TestBase - Config file Loaded!!!
2025-04-21 12:38:33.023 [main] DEBUG amal2004.base.TestBase - OR file Loaded!!!
2025-04-21 12:38:35.728 [main] DEBUG amal2004.base.TestBase - Chrome Launched!!!
2025-04-21 12:38:37.288 [main] DEBUG amal2004.base.TestBase - Navigated to :http://www.way2automation.com/angularjs-protractor/banking/#/login
2025-04-21 12:38:40.669 [main] DEBUG amal2004.base.TestBase - Inside Login Test
2025-04-21 12:38:47.208 [main] DEBUG amal2004.base.TestBase - Test execution completed!!!
2025-04-21 12:39:41.133 [main] DEBUG amal2004.base.TestBase - Config file Loaded!!!
2025-04-21 12:39:41.140 [main] DEBUG amal2004.base.TestBase - OR file Loaded!!!
2025-04-21 12:39:43.678 [main] DEBUG amal2004.base.TestBase - Chrome Launched!!!
2025-04-21 12:39:45.236 [main] DEBUG amal2004.base.TestBase - Navigated to :http://www.way2automation.com/angularjs-protractor/banking/#/login
2025-04-21 12:39:48.619 [main] DEBUG amal2004.base.TestBase - Inside Login Test
2025-04-21 12:39:54.600 [main] DEBUG amal2004.base.TestBase - Test execution completed!!!
2025-04-21 12:41:32.805 [main] DEBUG amal2004.base.TestBase - Config file Loaded!!!
2025-04-21 12:41:32.809 [main] DEBUG amal2004.base.TestBase - OR file Loaded!!!
2025-04-21 12:41:34.642 [main] DEBUG amal2004.base.TestBase - Chrome Launched!!!
2025-04-21 12:41:36.366 [main] DEBUG amal2004.base.TestBase - Navigated to :http://www.way2automation.com/angularjs-protractor/banking/#/login
2025-04-21 12:41:39.753 [main] DEBUG amal2004.base.TestBase - Inside Login Test
2025-04-21 12:41:46.676 [main] DEBUG amal2004.base.TestBase - Test execution completed!!!
2025-04-21 12:43:38.427 [main] DEBUG amal2004.base.TestBase - Config file Loaded!!!
2025-04-21 12:43:38.432 [main] DEBUG amal2004.base.TestBase - OR file Loaded!!!
2025-04-21 12:43:40.560 [main] DEBUG amal2004.base.TestBase - Chrome Launched!!!
2025-04-21 12:43:42.058 [main] DEBUG amal2004.base.TestBase - Navigated to :http://www.way2automation.com/angularjs-protractor/banking/#/login
2025-04-21 12:43:45.506 [main] DEBUG amal2004.base.TestBase - Inside Login Test
2025-04-21 12:43:47.652 [main] DEBUG amal2004.base.TestBase - Login executed!!!
2025-04-21 12:44:07.605 [main] DEBUG amal2004.base.TestBase - Test execution completed!!!
2025-04-21 12:46:02.904 [main] DEBUG amal2004.base.TestBase - Config file Loaded!!!
2025-04-21 12:46:02.909 [main] DEBUG amal2004.base.TestBase - OR file Loaded!!!
2025-04-21 12:46:04.507 [main] DEBUG amal2004.base.TestBase - Chrome Launched!!!
2025-04-21 12:46:06.587 [main] DEBUG amal2004.base.TestBase - Navigated to :http://www.way2automation.com/angularjs-protractor/banking/#/login
2025-04-21 12:46:09.840 [main] DEBUG amal2004.base.TestBase - Inside Login Test
2025-04-21 12:46:13.731 [main] DEBUG amal2004.base.TestBase - Test execution completed!!!
2025-04-21 12:46:45.753 [main] DEBUG amal2004.base.TestBase - Config file Loaded!!!
2025-04-21 12:46:45.759 [main] DEBUG amal2004.base.TestBase - OR file Loaded!!!
2025-04-21 12:46:47.324 [main] DEBUG amal2004.base.TestBase - Chrome Launched!!!
2025-04-21 12:46:49.162 [main] DEBUG amal2004.base.TestBase - Navigated to :http://www.way2automation.com/angularjs-protractor/banking/#/login
2025-04-21 12:46:52.391 [main] DEBUG amal2004.base.TestBase - Inside Login Test
2025-04-21 12:46:54.519 [main] DEBUG amal2004.base.TestBase - Login executed!!!
2025-04-21 12:47:13.150 [main] DEBUG amal2004.base.TestBase - Test execution completed!!!
2025-04-21 14:21:37.757 [main] DEBUG amal2004.base.TestBase - Config file Loaded!!!
2025-04-21 14:21:37.772 [main] DEBUG amal2004.base.TestBase - OR file Loaded!!!
2025-04-21 14:21:41.393 [main] DEBUG amal2004.base.TestBase - Chrome Launched!!!
2025-04-21 14:21:43.681 [main] DEBUG amal2004.base.TestBase - Navigated to :http://www.way2automation.com/angularjs-protractor/banking/#/login
2025-04-21 14:21:47.412 [main] DEBUG amal2004.base.TestBase - Inside Login Test
2025-04-21 14:21:54.667 [main] DEBUG amal2004.base.TestBase - Test execution completed!!!
2025-04-21 20:24:16.953 [main] DEBUG amal2004.base.TestBase - Config file Loaded!!!
2025-04-21 20:24:16.962 [main] DEBUG amal2004.base.TestBase - OR file Loaded!!!
2025-04-21 20:24:21.039 [main] DEBUG amal2004.base.TestBase - Chrome Launched!!!
2025-04-21 20:24:47.216 [main] DEBUG amal2004.base.TestBase - Navigated to :http://www.way2automation.com/angularjs-protractor/banking/#/login
2025-04-21 20:24:50.565 [main] DEBUG amal2004.base.TestBase - Inside Login Test
2025-04-21 20:24:52.668 [main] DEBUG amal2004.base.TestBase - Login executed!!!
2025-04-21 20:25:20.378 [main] DEBUG amal2004.base.TestBase - Test execution completed!!!
2025-04-21 22:17:46.180 [main] DEBUG amal2004.base.TestBase - Config file Loaded!!!
2025-04-21 22:17:46.189 [main] DEBUG amal2004.base.TestBase - OR file Loaded!!!
2025-04-21 22:17:49.462 [main] DEBUG amal2004.base.TestBase - Chrome Launched!!!
2025-04-21 22:17:50.937 [main] DEBUG amal2004.base.TestBase - Navigated to :http://www.way2automation.com/angularjs-protractor/banking/#/login
2025-04-21 22:17:54.364 [main] DEBUG amal2004.base.TestBase - Inside Login Test
2025-04-21 22:17:56.525 [main] DEBUG amal2004.base.TestBase - Login executed!!!
2025-04-21 22:18:17.197 [main] DEBUG amal2004.base.TestBase - Test execution completed!!!
